[debug] [2021-10-11T00:50:16.779Z] ----------------------------------------------------------------------
[debug] [2021-10-11T00:50:16.780Z] Command:       /usr/local/bin/firebase /Users/ernest/.cache/firebase/tools/lib/node_modules/firebase-tools/lib/bin/firebase deploy
[debug] [2021-10-11T00:50:16.780Z] CLI Version:   9.14.0
[debug] [2021-10-11T00:50:16.780Z] Platform:      darwin
[debug] [2021-10-11T00:50:16.780Z] Node Version:  v12.18.1
[debug] [2021-10-11T00:50:16.781Z] Time:          Mon Oct 11 2021 11:50:16 GMT+1100 (Australian Eastern Daylight Time)
[debug] [2021-10-11T00:50:16.781Z] ----------------------------------------------------------------------
[debug] 
[debug] [2021-10-11T00:50:16.788Z] > command requires scopes: ["email","openid","https://www.googleapis.com/auth/cloudplatformprojects.readonly","https://www.googleapis.com/auth/firebase","https://www.googleapis.com/auth/cloud-platform"]
[debug] [2021-10-11T00:50:16.789Z] > authorizing via signed-in user (ernestsoo22@gmail.com)
[debug] [2021-10-11T00:50:16.789Z] [iam] checking project frontend-dev-coding-challenge for permissions ["firebase.projects.get","firebasehosting.sites.update"]
[debug] [2021-10-11T00:50:16.790Z] >>> HTTP REQUEST POST https://cloudresourcemanager.googleapis.com/v1/projects/frontend-dev-coding-challenge:testIamPermissions  
 {"permissions":["firebase.projects.get","firebasehosting.sites.update"]}
[debug] [2021-10-11T00:50:18.129Z] <<< HTTP RESPONSE 200 {"content-type":"application/json; charset=UTF-8","vary":"X-Origin, Referer, Origin,Accept-Encoding","date":"Mon, 11 Oct 2021 00:50:17 GMT","server":"ESF","cache-control":"private","x-xss-protection":"0","x-frame-options":"SAMEORIGIN","x-content-type-options":"nosniff","server-timing":"gfet4t7; dur=1089","alt-svc":"h3=\":443\"; ma=2592000,h3-29=\":443\"; ma=2592000,h3-T051=\":443\"; ma=2592000,h3-Q050=\":443\"; ma=2592000,h3-Q046=\":443\"; ma=2592000,h3-Q043=\":443\"; ma=2592000,quic=\":443\"; ma=2592000; v=\"46,43\"","accept-ranges":"none","transfer-encoding":"chunked"}
[debug] [2021-10-11T00:50:18.133Z] > refreshing access token with scopes: []
[debug] [2021-10-11T00:50:18.134Z] >>> HTTP REQUEST POST https://www.googleapis.com/oauth2/v3/token  
 <request body omitted>
[debug] [2021-10-11T00:50:18.372Z] <<< HTTP RESPONSE 200 {"pragma":"no-cache","date":"Mon, 11 Oct 2021 00:50:18 GMT","expires":"Mon, 01 Jan 1990 00:00:00 GMT","cache-control":"no-cache, no-store, max-age=0, must-revalidate","content-type":"application/json; charset=utf-8","vary":"X-Origin, Referer, Origin,Accept-Encoding","server":"scaffolding on HTTPServer2","x-xss-protection":"0","x-frame-options":"SAMEORIGIN","x-content-type-options":"nosniff","alt-svc":"h3=\":443\"; ma=2592000,h3-29=\":443\"; ma=2592000,h3-T051=\":443\"; ma=2592000,h3-Q050=\":443\"; ma=2592000,h3-Q046=\":443\"; ma=2592000,h3-Q043=\":443\"; ma=2592000,quic=\":443\"; ma=2592000; v=\"46,43\"","accept-ranges":"none","transfer-encoding":"chunked"}
[debug] [2021-10-11T00:50:18.425Z] >>> [apiv2][query] GET https://firebase.googleapis.com/v1beta1/projects/frontend-dev-coding-challenge [none]
[debug] [2021-10-11T00:50:18.949Z] <<< [apiv2][status] GET https://firebase.googleapis.com/v1beta1/projects/frontend-dev-coding-challenge 200
[debug] [2021-10-11T00:50:18.949Z] <<< [apiv2][body] GET https://firebase.googleapis.com/v1beta1/projects/frontend-dev-coding-challenge {"projectId":"frontend-dev-coding-challenge","projectNumber":"645448577101","displayName":"frontend-dev-coding-challenge","name":"projects/frontend-dev-coding-challenge","resources":{"hostingSite":"frontend-dev-coding-challenge"},"state":"ACTIVE"}
[info] 
[info] === Deploying to 'frontend-dev-coding-challenge'...
[info] 
[info] i  deploying hosting 
[debug] [2021-10-11T00:50:18.956Z] > refreshing access token with scopes: ["email","https://www.googleapis.com/auth/cloud-platform","https://www.googleapis.com/auth/cloudplatformprojects.readonly","https://www.googleapis.com/auth/firebase","openid"]
[debug] [2021-10-11T00:50:18.956Z] >>> HTTP REQUEST POST https://www.googleapis.com/oauth2/v3/token  
 <request body omitted>
[debug] [2021-10-11T00:50:19.179Z] <<< HTTP RESPONSE 200 {"date":"Mon, 11 Oct 2021 00:50:19 GMT","pragma":"no-cache","cache-control":"no-cache, no-store, max-age=0, must-revalidate","expires":"Mon, 01 Jan 1990 00:00:00 GMT","content-type":"application/json; charset=utf-8","vary":"X-Origin, Referer, Origin,Accept-Encoding","server":"scaffolding on HTTPServer2","x-xss-protection":"0","x-frame-options":"SAMEORIGIN","x-content-type-options":"nosniff","alt-svc":"h3=\":443\"; ma=2592000,h3-29=\":443\"; ma=2592000,h3-T051=\":443\"; ma=2592000,h3-Q050=\":443\"; ma=2592000,h3-Q046=\":443\"; ma=2592000,h3-Q043=\":443\"; ma=2592000,quic=\":443\"; ma=2592000; v=\"46,43\"","accept-ranges":"none","transfer-encoding":"chunked"}
[debug] [2021-10-11T00:50:19.227Z] >>> HTTP REQUEST POST https://firebasehosting.googleapis.com/v1beta1/sites/frontend-dev-coding-challenge/versions  
 {"config":{"rewrites":[{"glob":"**","path":"/index.html"}]},"labels":{"deployment-tool":"cli-firebase"}}
[debug] [2021-10-11T00:50:20.880Z] <<< HTTP RESPONSE 200 {"content-type":"application/json; charset=UTF-8","vary":"X-Origin, Referer, Origin,Accept-Encoding","date":"Mon, 11 Oct 2021 00:50:20 GMT","server":"ESF","cache-control":"private","x-xss-protection":"0","x-frame-options":"SAMEORIGIN","x-content-type-options":"nosniff","alt-svc":"h3=\":443\"; ma=2592000,h3-29=\":443\"; ma=2592000,h3-T051=\":443\"; ma=2592000,h3-Q050=\":443\"; ma=2592000,h3-Q046=\":443\"; ma=2592000,h3-Q043=\":443\"; ma=2592000,quic=\":443\"; ma=2592000; v=\"46,43\"","accept-ranges":"none","transfer-encoding":"chunked"}
[info] i  hosting[frontend-dev-coding-challenge]: beginning deploy... 
[info] i  hosting[frontend-dev-coding-challenge]: found 30 files in build 
[debug] [2021-10-11T00:50:20.919Z] > refreshing access token with scopes: []
[debug] [2021-10-11T00:50:20.919Z] >>> HTTP REQUEST POST https://www.googleapis.com/oauth2/v3/token  
 <request body omitted>
[debug] [2021-10-11T00:50:20.921Z] [hosting] hash cache [YnVpbGQ] stored for 30 files
[debug] [2021-10-11T00:50:20.921Z] [hosting][hash queue][FINAL] {"max":2,"min":1,"avg":1,"active":0,"complete":30,"success":30,"errored":0,"retried":0,"total":30,"elapsed":6}
[debug] [2021-10-11T00:50:21.209Z] <<< HTTP RESPONSE 200 {"expires":"Mon, 01 Jan 1990 00:00:00 GMT","pragma":"no-cache","date":"Mon, 11 Oct 2021 00:50:21 GMT","cache-control":"no-cache, no-store, max-age=0, must-revalidate","content-type":"application/json; charset=utf-8","vary":"X-Origin, Referer, Origin,Accept-Encoding","server":"scaffolding on HTTPServer2","x-xss-protection":"0","x-frame-options":"SAMEORIGIN","x-content-type-options":"nosniff","alt-svc":"h3=\":443\"; ma=2592000,h3-29=\":443\"; ma=2592000,h3-T051=\":443\"; ma=2592000,h3-Q050=\":443\"; ma=2592000,h3-Q046=\":443\"; ma=2592000,h3-Q043=\":443\"; ma=2592000,quic=\":443\"; ma=2592000; v=\"46,43\"","accept-ranges":"none","transfer-encoding":"chunked"}
[debug] [2021-10-11T00:50:21.255Z] >>> [apiv2][query] POST https://firebasehosting.googleapis.com/v1beta1/sites/frontend-dev-coding-challenge/versions/7ee102f1b074c3b7:populateFiles [none]
[debug] [2021-10-11T00:50:21.255Z] >>> [apiv2][body] POST https://firebasehosting.googleapis.com/v1beta1/sites/frontend-dev-coding-challenge/versions/7ee102f1b074c3b7:populateFiles {"files":{"/asset-manifest.json":"b31e718319484e8c2f44d46bb9d429e7735d5e260601110a6979a508566c3a26","/favicon.ico":"b72f7455f00e4e58792d2bca892abb068e2213838c0316d6b7a0d6d16acd1955","/index.html":"4e22360dbaef772afd309a685e75f3af5d3d1c90fb59c30159c94033bc79d8bd","/logo192.png":"caff018b7f1e8fd481eb1c50d75b0ef236bcd5078b1d15c8bb348453fee30293","/logo512.png":"191fc21360b4ccfb1cda11a1efb97f489ed22672ca83f4064316802bbfdd750e","/manifest.json":"341d52628782f8ac9290bbfc43298afccb47b7cbfcee146ae30cf0f46bc30900","/robots.txt":"391d14b3c2f8c9143a27a28c7399585142228d4d1bdbe2c87ac946de411fa9a2","/static/css/2.8c0c0181.chunk.css":"164950e133e6304fbb3de9fccf430ba5c44976cb11c10d26e92f8fc867f19c79","/static/css/2.8c0c0181.chunk.css.map":"b9a747181215e0f07db0548f5bae0871ad8bc8acb894c68fc93b5caac23c58f6","/static/css/main.63cc8716.chunk.css":"9f261d69f74d873ccd8b173a9873339c5ba285db461ef014077150a26c8c37e0","/static/css/main.63cc8716.chunk.css.map":"611c5f2e051a21ea127ed5496af1171a230dcf3bfabbed7b1a051231fe9e8364","/static/js/2.288ddab9.chunk.js":"295a7afa4f3de486737dd321a23665f49d3804e59d0d32a028f813c0423f1fdd","/static/js/2.288ddab9.chunk.js.LICENSE.txt":"bfbf3a4b9e414262e302b9c850733cb7cfafa9577cb62b814d04300a511215fc","/static/js/2.288ddab9.chunk.js.map":"92e8f918b21c0c310cfc4d8d463489f5a7c543d1a31a001c00c4c97f79497103","/static/js/3.1e5e2beb.chunk.js":"c3819a7d12389a4d7d5340ec06a10295b4824822a306f842626d348bd73178da","/static/js/3.1e5e2beb.chunk.js.map":"4fde2411d359e834be5b2bbf59e6c53ece208d45adaf8a10f41833058a81772d","/static/js/main.5bf72e6b.chunk.js":"d080b86d5ae91f1daeadf1d44f301203e7c6afa0da315088ecb69440ed5c99d7","/static/js/main.5bf72e6b.chunk.js.map":"2093d95a1275d25ee82a44dbf627cd4cb4eaa333d0461026a7a37baa49b5e560","/static/js/runtime-main.c2eef663.js":"a152101868d1165787e2efc8065af5c7d6c5149a2c8e453c2eb8ed36f552e875","/static/js/runtime-main.c2eef663.js.map":"822b373633dc3e041811c7521ea6ff08bc4cb75890eb71def50ddac427d976ff","/static/media/crypto.94684c41.png":"f588644cf9fc798e8e28ae9743711fc49e5bdd1d32d69d919c864b2036e32c99","/static/media/error.ac3e0950.svg":"5a68b3f73ccf07d41d0ee812c197b2f2fd76a99f3f2e0779daa34d70fcab5492","/static/media/error.e7d729c8.png":"61f7872bb988b95235477fc0c98ace50df57d452bb6a7d2d4c235422d5207ade","/static/media/home.b2f2d6cf.svg":"7ed075d5471fa45f2edcccb16248851b805b03f476acdb323eec14a7fe0f2cb3","/static/media/ico.c9f1ff2f.png":"c8bd45f9592c1b9a2834a38dc17e2164614c27c1c34e61008c217b1554d33ab8","/static/media/list.6d6d3a1d.svg":"71fdf6192589e0d4502fc8498ab1abd34a14a92ae865299dfb859df5e2f3cc80","/static/media/logo.13748447.png":"68d0a50411fc8138d7dcc4e59fcc603b84fbe61e320138ddb954ddd1abbb15f3","/static/media/logo.6ce24c58.svg":"5f6ecf30024a00eebae8bb333ddc0f1c3d19fd8e7e6838404547f41abb63a8e8","/static/media/settings.fc7a2469.svg":"dbe468c382341adad82080f0437fbe1be1e5b0564a35ef407a74ae81b828dfd5","/static/media/view.fc0250db.png":"a290ac0a3f47c2ad49bdf1db0e5ac8393c4cd5bfeae226af851e56ccbc901524"}}
